14:44:10:794 [ALWAYS]	GUDE Logging Started
14:44:10:794 [INFO]	SqliteResumeCache::SqliteResumeCache basedirectory is null/empty
14:44:10:794 [ERROR]	SqliteResumeCache::CreateSqliteResumeCache creating resume cache pointer failure
14:44:10:794 [ERROR]	Initialize resume cache pointer failure
14:44:10:794 [INFO]	gude policy POLICY_USER limit (4,4,1) chunk 2097152, chunking (UL 0 DL 1), resXfer 1, adapt 0, NSURL 1, timeout 86400 
14:44:10:794 [INFO]	Initialized -- gude-lib version: v0.12.1 app: gude
14:45:44:256 [ALWAYS]	GUDE Logging Started
14:45:44:256 [INFO]	SqliteResumeCache::SqliteResumeCache basedirectory is null/empty
14:45:44:256 [ERROR]	SqliteResumeCache::CreateSqliteResumeCache creating resume cache pointer failure
14:45:44:257 [ERROR]	Initialize resume cache pointer failure
14:45:44:257 [INFO]	gude policy POLICY_USER limit (2,2,1) chunk 2097152, chunking (UL 0 DL 1), resXfer 1, adapt 0, NSURL 0, timeout 86400 
14:45:44:257 [INFO]	Initialized -- gude-lib version: v0.12.1 app: gude
14:45:48:715 [WARN]	Ignoring attempt to reinit logging to \gude at level 4 retaining 3 days of logs
14:45:48:715 [INFO]	SqliteResumeCache::SqliteResumeCache basedirectory is null/empty
14:45:48:715 [ERROR]	SqliteResumeCache::CreateSqliteResumeCache creating resume cache pointer failure
14:45:48:715 [ERROR]	Initialize resume cache pointer failure
14:45:48:716 [INFO]	gude policy POLICY_USER limit (4,4,1) chunk 2097152, chunking (UL 0 DL 1), resXfer 1, adapt 0, NSURL 1, timeout 86400 
14:45:48:716 [INFO]	Initialized -- gude-lib version: v0.12.1 app: gude
14:46:19:908 [ALWAYS]	GUDE Logging Started
14:46:19:908 [INFO]	SqliteResumeCache::SqliteResumeCache basedirectory is null/empty
14:46:19:908 [ERROR]	SqliteResumeCache::CreateSqliteResumeCache creating resume cache pointer failure
14:46:19:908 [ERROR]	Initialize resume cache pointer failure
14:46:19:908 [INFO]	gude policy POLICY_USER limit (2,2,1) chunk 2097152, chunking (UL 0 DL 1), resXfer 1, adapt 0, NSURL 0, timeout 86400 
14:46:19:908 [INFO]	Initialized -- gude-lib version: v0.12.1 app: gude
14:46:23:994 [WARN]	Ignoring attempt to reinit logging to \gude at level 4 retaining 3 days of logs
14:46:23:994 [INFO]	SqliteResumeCache::SqliteResumeCache basedirectory is null/empty
14:46:23:994 [ERROR]	SqliteResumeCache::CreateSqliteResumeCache creating resume cache pointer failure
14:46:23:994 [ERROR]	Initialize resume cache pointer failure
14:46:23:994 [INFO]	gude policy POLICY_USER limit (4,4,1) chunk 2097152, chunking (UL 0 DL 1), resXfer 1, adapt 0, NSURL 1, timeout 86400 
14:46:23:994 [INFO]	Initialized -- gude-lib version: v0.12.1 app: gude
